TN:
SF:src/jobs/clean-up-data-files.job.ts
FN:30,(anonymous_0)
FN:62,(anonymous_1)
FN:100,(anonymous_2)
FNF:3
FNH:3
FNDA:16,(anonymous_0)
FNDA:14,(anonymous_1)
FNDA:6,(anonymous_2)
DA:1,16
DA:2,16
DA:4,16
DA:5,16
DA:30,16
DA:31,16
DA:33,16
DA:35,16
DA:36,16
DA:43,14
DA:44,1
DA:45,1
DA:48,13
DA:50,2
DA:53,15
DA:54,4
DA:55,4
DA:59,11
DA:60,11
DA:62,14
DA:63,11
DA:65,11
DA:68,11
DA:69,13
DA:71,13
DA:73,13
DA:75,12
DA:76,12
DA:82,11
DA:83,3
DA:84,3
DA:86,6
DA:87,6
DA:90,3
DA:91,3
DA:97,11
DA:98,11
DA:99,5
DA:100,6
DA:104,16
LF:40
LH:40
BRDA:43,0,0,1
BRDA:43,0,1,13
BRDA:53,1,0,4
BRDA:53,1,1,11
BRDA:53,2,0,15
BRDA:53,2,1,13
BRDA:53,2,2,12
BRDA:73,3,0,12
BRDA:73,3,1,1
BRDA:82,4,0,3
BRDA:82,4,1,6
BRDA:98,5,0,5
BRDA:98,5,1,6
BRF:13
BRH:13
end_of_record
TN:
SF:src/jobs/is-pr-approved.job.ts
FN:4,(anonymous_0)
FNF:1
FNH:1
FNDA:14,(anonymous_0)
DA:1,14
DA:2,14
DA:4,14
DA:5,14
DA:6,13
DA:8,13
DA:10,13
DA:11,17
DA:12,16
DA:13,16
DA:14,11
DA:36,14
LF:12
LH:12
BRDA:13,0,0,11
BRDA:13,0,1,5
BRF:2
BRH:2
end_of_record
TN:
SF:src/jobs/manualTicketsReminder.job.ts
FN:4,(anonymous_0)
FNF:1
FNH:1
FNDA:7,(anonymous_0)
DA:4,6
DA:5,7
DA:28,6
LF:3
LH:3
BRF:0
BRH:0
end_of_record
TN:
SF:src/jobs/report-e2e.job.ts
FN:9,publishE2EReportRequest
FN:20,(anonymous_1)
FNF:2
FNH:2
FNDA:15,publishE2EReportRequest
FNDA:11,(anonymous_1)
DA:2,15
DA:3,15
DA:4,15
DA:9,15
DA:10,15
DA:11,15
DA:16,15
DA:17,13
DA:20,15
DA:21,11
DA:22,11
DA:24,11
DA:26,11
DA:27,11
DA:28,11
DA:29,11
DA:30,11
DA:31,11
DA:33,11
DA:35,1
DA:37,11
DA:40,15
LF:22
LH:22
BRF:0
BRH:0
end_of_record
TN:
SF:src/utils/constants.ts
FNF:0
FNH:0
DA:1,6
DA:3,6
DA:5,6
LF:3
LH:3
BRDA:5,0,0,6
BRDA:5,0,1,2
BRF:2
BRH:2
end_of_record
TN:
SF:src/utils/helpers.ts
FN:5,apiFetch
FN:11,(anonymous_10)
FNF:2
FNH:2
FNDA:10,apiFetch
FNDA:2,(anonymous_10)
DA:1,1
DA:3,1
DA:5,1
DA:6,10
DA:7,10
DA:9,10
DA:10,6
DA:11,1
DA:12,2
DA:14,5
DA:15,1
DA:16,2
DA:19,4
DA:23,10
DA:24,8
DA:27,10
LF:16
LH:16
BRDA:5,0,0,4
BRDA:9,1,0,6
BRDA:9,1,1,4
BRDA:10,2,0,1
BRDA:10,2,1,5
BRDA:14,3,0,1
BRDA:14,3,1,4
BRDA:23,4,0,8
BRDA:23,4,1,2
BRDA:23,5,0,10
BRDA:23,5,1,9
BRF:11
BRH:11
end_of_record
TN:
SF:src/utils/redis.ts
FN:12,(anonymous_10)
FN:17,(anonymous_11)
FN:22,(anonymous_12)
FN:23,(anonymous_13)
FN:27,(anonymous_14)
FN:31,(anonymous_15)
FN:39,(anonymous_16)
FN:56,getRedisClient
FN:67,getRedisSubscriber
FN:77,(anonymous_19)
FN:92,closeRedisConnections
FN:94,(anonymous_21)
FN:97,(anonymous_22)
FN:106,testRedisConnection
FNF:14
FNH:0
FNDA:0,(anonymous_10)
FNDA:0,(anonymous_11)
FNDA:0,(anonymous_12)
FNDA:0,(anonymous_13)
FNDA:0,(anonymous_14)
FNDA:0,(anonymous_15)
FNDA:0,(anonymous_16)
FNDA:0,getRedisClient
FNDA:0,getRedisSubscriber
FNDA:0,(anonymous_19)
FNDA:0,closeRedisConnections
FNDA:0,(anonymous_21)
FNDA:0,(anonymous_22)
FNDA:0,testRedisConnection
DA:1,1
DA:2,1
DA:4,1
DA:6,1
DA:7,1
DA:12,1
DA:17,1
DA:22,1
DA:23,0
DA:24,0
DA:27,0
DA:28,0
DA:31,0
DA:32,0
DA:39,1
DA:40,0
DA:42,0
DA:47,0
DA:48,0
DA:50,0
DA:56,1
DA:57,0
DA:58,0
DA:60,0
DA:67,1
DA:68,0
DA:69,0
DA:71,0
DA:77,1
DA:82,0
DA:83,0
DA:84,0
DA:85,0
DA:92,1
DA:93,0
DA:95,0
DA:98,0
DA:106,1
DA:107,0
DA:108,0
DA:109,0
DA:110,0
DA:111,0
DA:113,0
DA:114,0
LF:45
LH:14
BRDA:12,0,0,0
BRDA:12,0,1,0
BRDA:57,1,0,0
BRDA:57,1,1,0
BRDA:68,2,0,0
BRDA:68,2,1,0
BRDA:82,3,0,0
BRDA:82,3,1,0
BRF:8
BRH:0
end_of_record
